[0.235s] DEBUG:colcon:Command line arguments: ['/usr/bin/colcon', 'build', '--packages-select', 'pilot_control']
[0.235s] DEBUG:colcon:Parsed command line arguments: Namespace(log_base=None, log_level=None, verb_name='build', build_base='build', install_base='install', merge_install=False, symlink_install=False, test_result_base=None, continue_on_error=False, executor='parallel', parallel_workers=12, event_handlers=None, ignore_user_meta=False, metas=['./colcon.meta'], base_paths=['.'], packages_ignore=None, packages_ignore_regex=None, paths=None, packages_up_to=None, packages_up_to_regex=None, packages_above=None, packages_above_and_dependencies=None, packages_above_depth=None, packages_select_by_dep=None, packages_skip_by_dep=None, packages_skip_up_to=None, packages_select_build_failed=False, packages_skip_build_finished=False, packages_select_test_failures=False, packages_skip_test_passed=False, packages_select=['pilot_control'], packages_skip=None, packages_select_regex=None, packages_skip_regex=None, packages_start=None, packages_end=None, allow_overriding=[], cmake_args=None, cmake_target=None, cmake_target_skip_unavailable=False, cmake_clean_cache=False, cmake_clean_first=False, cmake_force_configure=False, ament_cmake_args=None, catkin_cmake_args=None, catkin_skip_building_tests=False, verb_parser=<colcon_defaults.argument_parser.defaults.DefaultArgumentsDecorator object at 0x76b1c0958a60>, verb_extension=<colcon_core.verb.build.BuildVerb object at 0x76b1c0a55f60>, main=<bound method BuildVerb.main of <colcon_core.verb.build.BuildVerb object at 0x76b1c0a55f60>>)
[0.613s] Level 1:colcon.colcon_core.package_discovery:discover_packages(colcon_meta) check parameters
[0.614s] Level 1:colcon.colcon_core.package_discovery:discover_packages(recursive) check parameters
[0.614s] Level 1:colcon.colcon_core.package_discovery:discover_packages(ignore) check parameters
[0.614s] Level 1:colcon.colcon_core.package_discovery:discover_packages(path) check parameters
[0.614s] Level 1:colcon.colcon_core.package_discovery:discover_packages(colcon_meta) discover
[0.615s] Level 1:colcon.colcon_core.package_discovery:discover_packages(recursive) discover
[0.615s] INFO:colcon.colcon_core.package_discovery:Crawling recursively for packages in '/home/avenblake/pilot_ws/src/roofus_pilot1'
[0.615s] Level 1:colcon.colcon_core.package_identification:_identify(.) by extensions ['ignore', 'ignore_ament_install']
[0.616s] Level 1:colcon.colcon_core.package_identification:_identify(.) by extension 'ignore'
[0.616s] Level 1:colcon.colcon_core.package_identification:_identify(.) by extension 'ignore_ament_install'
[0.616s] Level 1:colcon.colcon_core.package_identification:_identify(.) by extensions ['colcon_pkg']
[0.616s] Level 1:colcon.colcon_core.package_identification:_identify(.) by extension 'colcon_pkg'
[0.616s] Level 1:colcon.colcon_core.package_identification:_identify(.) by extensions ['colcon_meta']
[0.616s] Level 1:colcon.colcon_core.package_identification:_identify(.) by extension 'colcon_meta'
[0.617s] Level 1:colcon.colcon_core.package_identification:_identify(.) by extensions ['ros']
[0.617s] Level 1:colcon.colcon_core.package_identification:_identify(.) by extension 'ros'
[0.673s] DEBUG:colcon.colcon_core.package_identification:Package '.' with type 'ros.ament_cmake' and name 'pilot_control'
[0.673s] Level 1:colcon.colcon_core.package_discovery:discover_packages(recursive) using defaults
[0.674s] Level 1:colcon.colcon_core.package_discovery:discover_packages(ignore) discover
[0.674s] Level 1:colcon.colcon_core.package_discovery:discover_packages(ignore) using defaults
[0.674s] Level 1:colcon.colcon_core.package_discovery:discover_packages(path) discover
[0.674s] Level 1:colcon.colcon_core.package_discovery:discover_packages(path) using defaults
[0.859s] Level 1:colcon.colcon_core.package_discovery:discover_packages(prefix_path) check parameters
[0.860s] Level 1:colcon.colcon_core.package_discovery:discover_packages(prefix_path) discover
[0.865s] DEBUG:colcon.colcon_installed_package_information.package_discovery:Found 4 installed packages in /home/avenblake/pilot_ws/install
[0.867s] DEBUG:colcon.colcon_installed_package_information.package_discovery:Found 3 installed packages in /home/avenblake/deepsandws/install
[0.871s] DEBUG:colcon.colcon_installed_package_information.package_discovery:Found 321 installed packages in /opt/ros/humble
[0.873s] Level 1:colcon.colcon_core.package_discovery:discover_packages(prefix_path) using defaults
[0.988s] Level 5:colcon.colcon_core.verb:set package 'pilot_control' build argument 'cmake_args' from command line to 'None'
[0.988s] Level 5:colcon.colcon_core.verb:set package 'pilot_control' build argument 'cmake_target' from command line to 'None'
[0.988s] Level 5:colcon.colcon_core.verb:set package 'pilot_control' build argument 'cmake_target_skip_unavailable' from command line to 'False'
[0.988s] Level 5:colcon.colcon_core.verb:set package 'pilot_control' build argument 'cmake_clean_cache' from command line to 'False'
[0.988s] Level 5:colcon.colcon_core.verb:set package 'pilot_control' build argument 'cmake_clean_first' from command line to 'False'
[0.988s] Level 5:colcon.colcon_core.verb:set package 'pilot_control' build argument 'cmake_force_configure' from command line to 'False'
[0.988s] Level 5:colcon.colcon_core.verb:set package 'pilot_control' build argument 'ament_cmake_args' from command line to 'None'
[0.988s] Level 5:colcon.colcon_core.verb:set package 'pilot_control' build argument 'catkin_cmake_args' from command line to 'None'
[0.988s] Level 5:colcon.colcon_core.verb:set package 'pilot_control' build argument 'catkin_skip_building_tests' from command line to 'False'
[0.988s] DEBUG:colcon.colcon_core.verb:Building package 'pilot_control' with the following arguments: {'ament_cmake_args': None, 'build_base': '/home/avenblake/pilot_ws/src/roofus_pilot1/build/pilot_control', 'catkin_cmake_args': None, 'catkin_skip_building_tests': False, 'cmake_args': None, 'cmake_clean_cache': False, 'cmake_clean_first': False, 'cmake_force_configure': False, 'cmake_target': None, 'cmake_target_skip_unavailable': False, 'install_base': '/home/avenblake/pilot_ws/src/roofus_pilot1/install/pilot_control', 'merge_install': False, 'path': '/home/avenblake/pilot_ws/src/roofus_pilot1', 'symlink_install': False, 'test_result_base': None}
[0.989s] INFO:colcon.colcon_core.executor:Executing jobs using 'parallel' executor
[0.993s] DEBUG:colcon.colcon_parallel_executor.executor.parallel:run_until_complete
[0.995s] INFO:colcon.colcon_ros.task.ament_cmake.build:Building ROS package in '/home/avenblake/pilot_ws/src/roofus_pilot1' with build type 'ament_cmake'
[0.995s] INFO:colcon.colcon_cmake.task.cmake.build:Building CMake package in '/home/avenblake/pilot_ws/src/roofus_pilot1'
[1.000s] INFO:colcon.colcon_core.plugin_system:Skipping extension 'colcon_core.shell.bat': Not used on non-Windows systems
[1.001s] INFO:colcon.colcon_core.shell:Skip shell extension 'powershell' for command environment: Not usable outside of PowerShell
[1.001s] DEBUG:colcon.colcon_core.shell:Skip shell extension 'dsv' for command environment
[1.043s] DEBUG:colcon.colcon_core.event_handler.log_command:Invoking command in '/home/avenblake/pilot_ws/src/roofus_pilot1/build/pilot_control': CMAKE_PREFIX_PATH=${CMAKE_PREFIX_PATH}:/opt/ros/humble /usr/bin/cmake /home/avenblake/pilot_ws/src/roofus_pilot1 -DCMAKE_INSTALL_PREFIX=/home/avenblake/pilot_ws/src/roofus_pilot1/install/pilot_control
[5.153s] DEBUG:colcon.colcon_core.event_handler.log_command:Invoked command in '/home/avenblake/pilot_ws/src/roofus_pilot1/build/pilot_control' returned '0': CMAKE_PREFIX_PATH=${CMAKE_PREFIX_PATH}:/opt/ros/humble /usr/bin/cmake /home/avenblake/pilot_ws/src/roofus_pilot1 -DCMAKE_INSTALL_PREFIX=/home/avenblake/pilot_ws/src/roofus_pilot1/install/pilot_control
[5.161s] DEBUG:colcon.colcon_core.event_handler.log_command:Invoking command in '/home/avenblake/pilot_ws/src/roofus_pilot1/build/pilot_control': CMAKE_PREFIX_PATH=${CMAKE_PREFIX_PATH}:/opt/ros/humble /usr/bin/cmake --build /home/avenblake/pilot_ws/src/roofus_pilot1/build/pilot_control -- -j12 -l12
[57.507s] DEBUG:colcon.colcon_core.event_handler.log_command:Invoked command in '/home/avenblake/pilot_ws/src/roofus_pilot1/build/pilot_control' returned '0': CMAKE_PREFIX_PATH=${CMAKE_PREFIX_PATH}:/opt/ros/humble /usr/bin/cmake --build /home/avenblake/pilot_ws/src/roofus_pilot1/build/pilot_control -- -j12 -l12
[57.550s] DEBUG:colcon.colcon_core.event_handler.log_command:Invoking command in '/home/avenblake/pilot_ws/src/roofus_pilot1/build/pilot_control': CMAKE_PREFIX_PATH=${CMAKE_PREFIX_PATH}:/opt/ros/humble /usr/bin/cmake --install /home/avenblake/pilot_ws/src/roofus_pilot1/build/pilot_control
[57.635s] Level 1:colcon.colcon_core.environment:create_environment_scripts_only(pilot_control)
[57.638s] DEBUG:colcon.colcon_core.event_handler.log_command:Invoked command in '/home/avenblake/pilot_ws/src/roofus_pilot1/build/pilot_control' returned '0': CMAKE_PREFIX_PATH=${CMAKE_PREFIX_PATH}:/opt/ros/humble /usr/bin/cmake --install /home/avenblake/pilot_ws/src/roofus_pilot1/build/pilot_control
[57.644s] Level 1:colcon.colcon_core.environment:checking '/home/avenblake/pilot_ws/src/roofus_pilot1/install/pilot_control' for CMake module files
[57.645s] Level 1:colcon.colcon_core.environment:checking '/home/avenblake/pilot_ws/src/roofus_pilot1/install/pilot_control' for CMake config files
[57.645s] Level 1:colcon.colcon_core.shell:create_environment_hook('pilot_control', 'cmake_prefix_path')
[57.646s] INFO:colcon.colcon_core.shell:Creating environment hook '/home/avenblake/pilot_ws/src/roofus_pilot1/install/pilot_control/share/pilot_control/hook/cmake_prefix_path.ps1'
[57.648s] INFO:colcon.colcon_core.shell:Creating environment descriptor '/home/avenblake/pilot_ws/src/roofus_pilot1/install/pilot_control/share/pilot_control/hook/cmake_prefix_path.dsv'
[57.649s] INFO:colcon.colcon_core.shell:Creating environment hook '/home/avenblake/pilot_ws/src/roofus_pilot1/install/pilot_control/share/pilot_control/hook/cmake_prefix_path.sh'
[57.651s] Level 1:colcon.colcon_core.environment:checking '/home/avenblake/pilot_ws/src/roofus_pilot1/install/pilot_control/lib'
[57.651s] Level 1:colcon.colcon_core.environment:checking '/home/avenblake/pilot_ws/src/roofus_pilot1/install/pilot_control/bin'
[57.651s] Level 1:colcon.colcon_core.environment:checking '/home/avenblake/pilot_ws/src/roofus_pilot1/install/pilot_control/lib/pkgconfig/pilot_control.pc'
[57.652s] Level 1:colcon.colcon_core.environment:checking '/home/avenblake/pilot_ws/src/roofus_pilot1/install/pilot_control/lib/python3.10/site-packages'
[57.652s] Level 1:colcon.colcon_core.environment:checking '/home/avenblake/pilot_ws/src/roofus_pilot1/install/pilot_control/bin'
[57.653s] INFO:colcon.colcon_core.shell:Creating package script '/home/avenblake/pilot_ws/src/roofus_pilot1/install/pilot_control/share/pilot_control/package.ps1'
[57.655s] INFO:colcon.colcon_core.shell:Creating package descriptor '/home/avenblake/pilot_ws/src/roofus_pilot1/install/pilot_control/share/pilot_control/package.dsv'
[57.657s] INFO:colcon.colcon_core.shell:Creating package script '/home/avenblake/pilot_ws/src/roofus_pilot1/install/pilot_control/share/pilot_control/package.sh'
[57.659s] INFO:colcon.colcon_core.shell:Creating package script '/home/avenblake/pilot_ws/src/roofus_pilot1/install/pilot_control/share/pilot_control/package.bash'
[57.660s] INFO:colcon.colcon_core.shell:Creating package script '/home/avenblake/pilot_ws/src/roofus_pilot1/install/pilot_control/share/pilot_control/package.zsh'
[57.662s] Level 1:colcon.colcon_core.environment:create_file_with_runtime_dependencies(/home/avenblake/pilot_ws/src/roofus_pilot1/install/pilot_control/share/colcon-core/packages/pilot_control)
[57.664s] Level 1:colcon.colcon_core.environment:create_environment_scripts_only(pilot_control)
[57.665s] Level 1:colcon.colcon_core.environment:checking '/home/avenblake/pilot_ws/src/roofus_pilot1/install/pilot_control' for CMake module files
[57.667s] Level 1:colcon.colcon_core.environment:checking '/home/avenblake/pilot_ws/src/roofus_pilot1/install/pilot_control' for CMake config files
[57.667s] Level 1:colcon.colcon_core.shell:create_environment_hook('pilot_control', 'cmake_prefix_path')
[57.668s] INFO:colcon.colcon_core.shell:Creating environment hook '/home/avenblake/pilot_ws/src/roofus_pilot1/install/pilot_control/share/pilot_control/hook/cmake_prefix_path.ps1'
[57.670s] INFO:colcon.colcon_core.shell:Creating environment descriptor '/home/avenblake/pilot_ws/src/roofus_pilot1/install/pilot_control/share/pilot_control/hook/cmake_prefix_path.dsv'
[57.672s] INFO:colcon.colcon_core.shell:Creating environment hook '/home/avenblake/pilot_ws/src/roofus_pilot1/install/pilot_control/share/pilot_control/hook/cmake_prefix_path.sh'
[57.675s] Level 1:colcon.colcon_core.environment:checking '/home/avenblake/pilot_ws/src/roofus_pilot1/install/pilot_control/lib'
[57.675s] Level 1:colcon.colcon_core.environment:checking '/home/avenblake/pilot_ws/src/roofus_pilot1/install/pilot_control/bin'
[57.675s] Level 1:colcon.colcon_core.environment:checking '/home/avenblake/pilot_ws/src/roofus_pilot1/install/pilot_control/lib/pkgconfig/pilot_control.pc'
[57.676s] Level 1:colcon.colcon_core.environment:checking '/home/avenblake/pilot_ws/src/roofus_pilot1/install/pilot_control/lib/python3.10/site-packages'
[57.677s] Level 1:colcon.colcon_core.environment:checking '/home/avenblake/pilot_ws/src/roofus_pilot1/install/pilot_control/bin'
[57.678s] INFO:colcon.colcon_core.shell:Creating package script '/home/avenblake/pilot_ws/src/roofus_pilot1/install/pilot_control/share/pilot_control/package.ps1'
[57.680s] INFO:colcon.colcon_core.shell:Creating package descriptor '/home/avenblake/pilot_ws/src/roofus_pilot1/install/pilot_control/share/pilot_control/package.dsv'
[57.681s] INFO:colcon.colcon_core.shell:Creating package script '/home/avenblake/pilot_ws/src/roofus_pilot1/install/pilot_control/share/pilot_control/package.sh'
[57.682s] INFO:colcon.colcon_core.shell:Creating package script '/home/avenblake/pilot_ws/src/roofus_pilot1/install/pilot_control/share/pilot_control/package.bash'
[57.683s] INFO:colcon.colcon_core.shell:Creating package script '/home/avenblake/pilot_ws/src/roofus_pilot1/install/pilot_control/share/pilot_control/package.zsh'
[57.685s] Level 1:colcon.colcon_core.environment:create_file_with_runtime_dependencies(/home/avenblake/pilot_ws/src/roofus_pilot1/install/pilot_control/share/colcon-core/packages/pilot_control)
[57.687s] DEBUG:colcon.colcon_parallel_executor.executor.parallel:closing loop
[57.687s] DEBUG:colcon.colcon_parallel_executor.executor.parallel:loop closed
[57.688s] DEBUG:colcon.colcon_parallel_executor.executor.parallel:run_until_complete finished with '0'
[57.688s] DEBUG:colcon.colcon_core.event_reactor:joining thread
[57.706s] INFO:colcon.colcon_core.plugin_system:Skipping extension 'colcon_notification.desktop_notification.terminal_notifier': Not used on non-Darwin systems
[57.707s] INFO:colcon.colcon_core.plugin_system:Skipping extension 'colcon_notification.desktop_notification.win32': Not used on non-Windows systems
[57.707s] INFO:colcon.colcon_notification.desktop_notification:Sending desktop notification using 'notify2'
[57.736s] DEBUG:colcon.colcon_core.event_reactor:joined thread
[57.737s] INFO:colcon.colcon_core.shell:Creating prefix script '/home/avenblake/pilot_ws/src/roofus_pilot1/install/local_setup.ps1'
[57.738s] INFO:colcon.colcon_core.shell:Creating prefix util module '/home/avenblake/pilot_ws/src/roofus_pilot1/install/_local_setup_util_ps1.py'
[57.740s] INFO:colcon.colcon_core.shell:Creating prefix chain script '/home/avenblake/pilot_ws/src/roofus_pilot1/install/setup.ps1'
[57.771s] INFO:colcon.colcon_core.shell:Creating prefix script '/home/avenblake/pilot_ws/src/roofus_pilot1/install/local_setup.sh'
[57.772s] INFO:colcon.colcon_core.shell:Creating prefix util module '/home/avenblake/pilot_ws/src/roofus_pilot1/install/_local_setup_util_sh.py'
[57.774s] INFO:colcon.colcon_core.shell:Creating prefix chain script '/home/avenblake/pilot_ws/src/roofus_pilot1/install/setup.sh'
[57.779s] INFO:colcon.colcon_core.shell:Creating prefix script '/home/avenblake/pilot_ws/src/roofus_pilot1/install/local_setup.bash'
[57.781s] INFO:colcon.colcon_core.shell:Creating prefix chain script '/home/avenblake/pilot_ws/src/roofus_pilot1/install/setup.bash'
[57.785s] INFO:colcon.colcon_core.shell:Creating prefix script '/home/avenblake/pilot_ws/src/roofus_pilot1/install/local_setup.zsh'
[57.787s] INFO:colcon.colcon_core.shell:Creating prefix chain script '/home/avenblake/pilot_ws/src/roofus_pilot1/install/setup.zsh'
