-- The C compiler identification is GNU 11.4.0
-- The CXX compiler identification is GNU 11.4.0
-- Detecting C compiler ABI info
-- Detecting C compiler ABI info - done
-- Check for working C compiler: /usr/bin/cc - skipped
-- Detecting C compile features
-- Detecting C compile features - done
-- Detecting CXX compiler ABI info
-- Detecting CXX compiler ABI info - done
-- Check for working CXX compiler: /usr/bin/c++ - skipped
-- Detecting CXX compile features
-- Detecting CXX compile features - done
-- Found ament_cmake: 1.3.11 (/opt/ros/humble/share/ament_cmake/cmake)
-- Found Python3: /usr/bin/python3 (found version "3.10.12") found components: Interpreter 
-- Found rclcpp: 16.0.12 (/opt/ros/humble/share/rclcpp/cmake)
-- Found rosidl_generator_c: 3.1.6 (/opt/ros/humble/share/rosidl_generator_c/cmake)
-- Found rosidl_adapter: 3.1.6 (/opt/ros/humble/share/rosidl_adapter/cmake)
-- Found rosidl_generator_cpp: 3.1.6 (/opt/ros/humble/share/rosidl_generator_cpp/cmake)
-- Using all available rosidl_typesupport_c: rosidl_typesupport_fastrtps_c;rosidl_typesupport_introspection_c
-- Using all available rosidl_typesupport_cpp: rosidl_typesupport_fastrtps_cpp;rosidl_typesupport_introspection_cpp
-- Found rmw_implementation_cmake: 6.1.2 (/opt/ros/humble/share/rmw_implementation_cmake/cmake)
-- Found rmw_cyclonedds_cpp: 1.3.4 (/opt/ros/humble/share/rmw_cyclonedds_cpp/cmake)
-- Using RMW implementation 'rmw_cyclonedds_cpp' as default
-- Looking for pthread.h
-- Looking for pthread.h - found
-- Performing Test CMAKE_HAVE_LIBC_PTHREAD
-- Performing Test CMAKE_HAVE_LIBC_PTHREAD - Success
-- Found Threads: TRUE  
-- Found geometry_msgs: 4.8.0 (/opt/ros/humble/share/geometry_msgs/cmake)
-- Found nav_msgs: 4.8.0 (/opt/ros/humble/share/nav_msgs/cmake)
-- Found tf2_ros: 0.25.12 (/opt/ros/humble/share/tf2_ros/cmake)
-- Found odrive_can: 0.0.1 (/home/avenblake/pilot_ws/install/odrive_can/share/odrive_can/cmake)
[33mCMake Warning at CMakeLists.txt:32 (message):
  serial not found — skipping client_teleop_serial.cpp

[0m
-- Found ament_lint_auto: 0.12.12 (/opt/ros/humble/share/ament_lint_auto/cmake)
-- Added test 'cppcheck' to perform static code analysis on C / C++ code
-- Configured cppcheck include dirs: $<BUILD_INTERFACE:/home/avenblake/pilot_ws/src/roofus_pilot1/include>
-- Configured cppcheck exclude dirs and/or files: 
-- Added test 'flake8' to check Python code syntax and style conventions
-- Added test 'lint_cmake' to check CMake code style
-- Added test 'pep257' to check Python code against some of the docstring style conventions in PEP 257
-- Added test 'uncrustify' to check C / C++ code style
-- Configured uncrustify additional arguments: 
-- Added test 'xmllint' to check XML markup files
-- Configuring done
-- Generating done
-- Build files have been written to: /home/avenblake/pilot_ws/src/roofus_pilot1/build/pilot_control
[ 10%] [32mBuilding CXX object CMakeFiles/navigation_test.dir/src/navigation_test.cpp.o[0m
[ 40%] [32mBuilding CXX object CMakeFiles/turn_test.dir/src/turn_test.cpp.o[0m
[ 40%] [32mBuilding CXX object CMakeFiles/diff_drive_controller.dir/src/diff_drive_controller.cpp.o[0m
[ 40%] [32mBuilding CXX object CMakeFiles/host_teleop.dir/src/host_teleop.cpp.o[0m
[ 50%] [32mBuilding CXX object CMakeFiles/torque_test.dir/src/torque_test.cpp.o[0m
[ 60%] [32m[1mLinking CXX executable turn_test[0m
[ 70%] [32m[1mLinking CXX executable torque_test[0m
[ 70%] Built target turn_test
[ 70%] Built target torque_test
[ 80%] [32m[1mLinking CXX executable host_teleop[0m
[ 80%] Built target host_teleop
[ 90%] [32m[1mLinking CXX executable navigation_test[0m
[ 90%] Built target navigation_test
[100%] [32m[1mLinking CXX executable diff_drive_controller[0m
[100%] Built target diff_drive_controller
-- Install configuration: ""
-- Installing: /home/avenblake/pilot_ws/src/roofus_pilot1/install/pilot_control/lib/pilot_control/diff_drive_controller
-- Set runtime path of "/home/avenblake/pilot_ws/src/roofus_pilot1/install/pilot_control/lib/pilot_control/diff_drive_controller" to ""
-- Installing: /home/avenblake/pilot_ws/src/roofus_pilot1/install/pilot_control/lib/pilot_control/turn_test
-- Set runtime path of "/home/avenblake/pilot_ws/src/roofus_pilot1/install/pilot_control/lib/pilot_control/turn_test" to ""
-- Installing: /home/avenblake/pilot_ws/src/roofus_pilot1/install/pilot_control/lib/pilot_control/torque_test
-- Set runtime path of "/home/avenblake/pilot_ws/src/roofus_pilot1/install/pilot_control/lib/pilot_control/torque_test" to ""
-- Installing: /home/avenblake/pilot_ws/src/roofus_pilot1/install/pilot_control/lib/pilot_control/navigation_test
-- Set runtime path of "/home/avenblake/pilot_ws/src/roofus_pilot1/install/pilot_control/lib/pilot_control/navigation_test" to ""
-- Installing: /home/avenblake/pilot_ws/src/roofus_pilot1/install/pilot_control/lib/pilot_control/host_teleop
-- Set runtime path of "/home/avenblake/pilot_ws/src/roofus_pilot1/install/pilot_control/lib/pilot_control/host_teleop" to ""
-- Installing: /home/avenblake/pilot_ws/src/roofus_pilot1/install/pilot_control/share/pilot_control/launch
-- Installing: /home/avenblake/pilot_ws/src/roofus_pilot1/install/pilot_control/share/pilot_control/launch/teleop.launch.py
-- Installing: /home/avenblake/pilot_ws/src/roofus_pilot1/install/pilot_control/share/pilot_control/launch/laptop_teleop.launch.py
-- Installing: /home/avenblake/pilot_ws/src/roofus_pilot1/install/pilot_control/share/pilot_control/launch/robot.launch.py
-- Installing: /home/avenblake/pilot_ws/src/roofus_pilot1/install/pilot_control/share/ament_index/resource_index/package_run_dependencies/pilot_control
-- Installing: /home/avenblake/pilot_ws/src/roofus_pilot1/install/pilot_control/share/ament_index/resource_index/parent_prefix_path/pilot_control
-- Installing: /home/avenblake/pilot_ws/src/roofus_pilot1/install/pilot_control/share/pilot_control/environment/ament_prefix_path.sh
-- Installing: /home/avenblake/pilot_ws/src/roofus_pilot1/install/pilot_control/share/pilot_control/environment/ament_prefix_path.dsv
-- Installing: /home/avenblake/pilot_ws/src/roofus_pilot1/install/pilot_control/share/pilot_control/environment/path.sh
-- Installing: /home/avenblake/pilot_ws/src/roofus_pilot1/install/pilot_control/share/pilot_control/environment/path.dsv
-- Installing: /home/avenblake/pilot_ws/src/roofus_pilot1/install/pilot_control/share/pilot_control/local_setup.bash
-- Installing: /home/avenblake/pilot_ws/src/roofus_pilot1/install/pilot_control/share/pilot_control/local_setup.sh
-- Installing: /home/avenblake/pilot_ws/src/roofus_pilot1/install/pilot_control/share/pilot_control/local_setup.zsh
-- Installing: /home/avenblake/pilot_ws/src/roofus_pilot1/install/pilot_control/share/pilot_control/local_setup.dsv
-- Installing: /home/avenblake/pilot_ws/src/roofus_pilot1/install/pilot_control/share/pilot_control/package.dsv
-- Installing: /home/avenblake/pilot_ws/src/roofus_pilot1/install/pilot_control/share/ament_index/resource_index/packages/pilot_control
-- Installing: /home/avenblake/pilot_ws/src/roofus_pilot1/install/pilot_control/share/pilot_control/cmake/pilot_controlConfig.cmake
-- Installing: /home/avenblake/pilot_ws/src/roofus_pilot1/install/pilot_control/share/pilot_control/cmake/pilot_controlConfig-version.cmake
-- Installing: /home/avenblake/pilot_ws/src/roofus_pilot1/install/pilot_control/share/pilot_control/package.xml
